# JRE version: OpenJDK Runtime Environment (21.0.8) (build 21.0.8+-14196175-b1038.72)
# Java VM: OpenJDK 64-Bit Server VM (21.0.8+-14196175-b1038.72, mixed mode, tiered, compressed oops, compressed class ptrs, parallel gc, windows-amd64)
GC Precious Log:
 CardTable entry size: 512
 CPUs: 16 total, 16 available
 Memory: 24283M
 Large Page Support: Disabled
 NUMA Support: Disabled
 Compressed Oops: Enabled (Zero based)
 Alignments: Space 512K, Generation 512K, Heap 2M
 Heap Min Capacity: 8M
 Heap Initial Capacity: 380M
 Heap Max Capacity: 4G
 Pre-touch: Disabled
 Parallel Workers: 13
Heap:
 PSYoungGen      total 643584K, used 115305K [0x00000007aab00000, 0x00000007d7080000, 0x0000000800000000)
  eden space 595456K, 11% used [0x00000007aab00000,0x00000007aec9c0c8,0x00000007cf080000)
  from space 48128K, 99% used [0x00000007d0a80000,0x00000007d397e670,0x00000007d3980000)
  to   space 56320K, 0% used [0x00000007d3980000,0x00000007d3980000,0x00000007d7080000)
 ParOldGen       total 259584K, used 151259K [0x0000000700000000, 0x000000070fd80000, 0x00000007aab00000)
  object space 259584K, 58% used [0x0000000700000000,0x00000007093b6f58,0x000000070fd80000)
 Metaspace       used 144327K, committed 146944K, reserved 1179648K
  class space    used 19561K, committed 20864K, reserved 1048576K
GC Heap History (20 events):
Event: 5.116 GC heap before
{Heap before GC invocations=7 (full 2):
 PSYoungGen      total 211456K, used 38717K [0x00000007aab00000, 0x00000007c4800000, 0x0000000800000000)
  eden space 195584K, 12% used [0x00000007aab00000,0x00000007ac25e3c0,0x00000007b6a00000)
  from space 15872K, 93% used [0x00000007b7980000,0x00000007b87f1288,0x00000007b8900000)
  to   space 15872K, 0% used [0x00000007b6a00000,0x00000007b6a00000,0x00000007b7980000)
 ParOldGen       total 259584K, used 21869K [0x0000000700000000, 0x000000070fd80000, 0x00000007aab00000)
  object space 259584K, 8% used [0x0000000700000000,0x000000070155b560,0x000000070fd80000)
 Metaspace       used 58405K, committed 59776K, reserved 1114112K
  class space    used 8013K, committed 8640K, reserved 1048576K
}
Event: 5.123 GC heap after
{Heap after GC invocations=7 (full 2):
 PSYoungGen      total 211456K, used 14902K [0x00000007aab00000, 0x00000007c5100000, 0x0000000800000000)
  eden space 195584K, 0% used [0x00000007aab00000,0x00000007aab00000,0x00000007b6a00000)
  from space 15872K, 93% used [0x00000007b6a00000,0x00000007b788d830,0x00000007b7980000)
  to   space 20480K, 0% used [0x00000007c3d00000,0x00000007c3d00000,0x00000007c5100000)
 ParOldGen       total 259584K, used 21877K [0x0000000700000000, 0x000000070fd80000, 0x00000007aab00000)
  object space 259584K, 8% used [0x0000000700000000,0x000000070155d560,0x000000070fd80000)
 Metaspace       used 58405K, committed 59776K, reserved 1114112K
  class space    used 8013K, committed 8640K, reserved 1048576K
}
Event: 5.123 GC heap before
{Heap before GC invocations=8 (full 3):
 PSYoungGen      total 211456K, used 14902K [0x00000007aab00000, 0x00000007c5100000, 0x0000000800000000)
  eden space 195584K, 0% used [0x00000007aab00000,0x00000007aab00000,0x00000007b6a00000)
  from space 15872K, 93% used [0x00000007b6a00000,0x00000007b788d830,0x00000007b7980000)
  to   space 20480K, 0% used [0x00000007c3d00000,0x00000007c3d00000,0x00000007c5100000)
 ParOldGen       total 259584K, used 21877K [0x0000000700000000, 0x000000070fd80000, 0x00000007aab00000)
  object space 259584K, 8% used [0x0000000700000000,0x000000070155d560,0x000000070fd80000)
 Metaspace       used 58405K, committed 59776K, reserved 1114112K
  class space    used 8013K, committed 8640K, reserved 1048576K
}
Event: 5.171 GC heap after
{Heap after GC invocations=8 (full 3):
 PSYoungGen      total 211456K, used 0K [0x00000007aab00000, 0x00000007c5100000, 0x0000000800000000)
  eden space 195584K, 0% used [0x00000007aab00000,0x00000007aab00000,0x00000007b6a00000)
  from space 15872K, 0% used [0x00000007b6a00000,0x00000007b6a00000,0x00000007b7980000)
  to   space 20480K, 0% used [0x00000007c3d00000,0x00000007c3d00000,0x00000007c5100000)
 ParOldGen       total 259584K, used 36143K [0x0000000700000000, 0x000000070fd80000, 0x00000007aab00000)
  object space 259584K, 13% used [0x0000000700000000,0x000000070234bc10,0x000000070fd80000)
 Metaspace       used 58405K, committed 59776K, reserved 1114112K
  class space    used 8013K, committed 8640K, reserved 1048576K
}
Event: 6.937 GC heap before
{Heap before GC invocations=9 (full 3):
 PSYoungGen      total 211456K, used 195584K [0x00000007aab00000, 0x00000007c5100000, 0x0000000800000000)
  eden space 195584K, 100% used [0x00000007aab00000,0x00000007b6a00000,0x00000007b6a00000)
  from space 15872K, 0% used [0x00000007b6a00000,0x00000007b6a00000,0x00000007b7980000)
  to   space 20480K, 0% used [0x00000007c3d00000,0x00000007c3d00000,0x00000007c5100000)
 ParOldGen       total 259584K, used 36143K [0x0000000700000000, 0x000000070fd80000, 0x00000007aab00000)
  object space 259584K, 13% used [0x0000000700000000,0x000000070234bc10,0x000000070fd80000)
 Metaspace       used 73722K, committed 75520K, reserved 1114112K
  class space    used 10075K, committed 10944K, reserved 1048576K
}
Event: 6.948 GC heap after
{Heap after GC invocations=9 (full 3):
 PSYoungGen      total 405504K, used 20477K [0x00000007aab00000, 0x00000007c5d00000, 0x0000000800000000)
  eden space 385024K, 0% used [0x00000007aab00000,0x00000007aab00000,0x00000007c2300000)
  from space 20480K, 99% used [0x00000007c3d00000,0x00000007c50ff558,0x00000007c5100000)
  to   space 26624K, 0% used [0x00000007c2300000,0x00000007c2300000,0x00000007c3d00000)
 ParOldGen       total 259584K, used 42163K [0x0000000700000000, 0x000000070fd80000, 0x00000007aab00000)
  object space 259584K, 16% used [0x0000000700000000,0x000000070292cc08,0x000000070fd80000)
 Metaspace       used 73722K, committed 75520K, reserved 1114112K
  class space    used 10075K, committed 10944K, reserved 1048576K
}
Event: 9.426 GC heap before
{Heap before GC invocations=10 (full 3):
 PSYoungGen      total 405504K, used 335400K [0x00000007aab00000, 0x00000007c5d00000, 0x0000000800000000)
  eden space 385024K, 81% used [0x00000007aab00000,0x00000007bde8ae80,0x00000007c2300000)
  from space 20480K, 99% used [0x00000007c3d00000,0x00000007c50ff558,0x00000007c5100000)
  to   space 26624K, 0% used [0x00000007c2300000,0x00000007c2300000,0x00000007c3d00000)
 ParOldGen       total 259584K, used 42163K [0x0000000700000000, 0x000000070fd80000, 0x00000007aab00000)
  object space 259584K, 16% used [0x0000000700000000,0x000000070292cc08,0x000000070fd80000)
 Metaspace       used 97800K, committed 99648K, reserved 1179648K
  class space    used 13549K, committed 14400K, reserved 1048576K
}
Event: 9.468 GC heap after
{Heap after GC invocations=10 (full 3):
 PSYoungGen      total 411648K, used 26619K [0x00000007aab00000, 0x00000007c7300000, 0x0000000800000000)
  eden space 385024K, 0% used [0x00000007aab00000,0x00000007aab00000,0x00000007c2300000)
  from space 26624K, 99% used [0x00000007c2300000,0x00000007c3cfef78,0x00000007c3d00000)
  to   space 37888K, 0% used [0x00000007c4e00000,0x00000007c4e00000,0x00000007c7300000)
 ParOldGen       total 259584K, used 56563K [0x0000000700000000, 0x000000070fd80000, 0x00000007aab00000)
  object space 259584K, 21% used [0x0000000700000000,0x000000070373cee8,0x000000070fd80000)
 Metaspace       used 97800K, committed 99648K, reserved 1179648K
  class space    used 13549K, committed 14400K, reserved 1048576K
}
Event: 9.468 GC heap before
{Heap before GC invocations=11 (full 4):
 PSYoungGen      total 411648K, used 26619K [0x00000007aab00000, 0x00000007c7300000, 0x0000000800000000)
  eden space 385024K, 0% used [0x00000007aab00000,0x00000007aab00000,0x00000007c2300000)
  from space 26624K, 99% used [0x00000007c2300000,0x00000007c3cfef78,0x00000007c3d00000)
  to   space 37888K, 0% used [0x00000007c4e00000,0x00000007c4e00000,0x00000007c7300000)
 ParOldGen       total 259584K, used 56563K [0x0000000700000000, 0x000000070fd80000, 0x00000007aab00000)
  object space 259584K, 21% used [0x0000000700000000,0x000000070373cee8,0x000000070fd80000)
 Metaspace       used 97800K, committed 99648K, reserved 1179648K
  class space    used 13549K, committed 14400K, reserved 1048576K
}
Event: 9.533 GC heap after
{Heap after GC invocations=11 (full 4):
 PSYoungGen      total 411648K, used 0K [0x00000007aab00000, 0x00000007c7300000, 0x0000000800000000)
  eden space 385024K, 0% used [0x00000007aab00000,0x00000007aab00000,0x00000007c2300000)
  from space 26624K, 0% used [0x00000007c2300000,0x00000007c2300000,0x00000007c3d00000)
  to   space 37888K, 0% used [0x00000007c4e00000,0x00000007c4e00000,0x00000007c7300000)
 ParOldGen       total 259584K, used 80990K [0x0000000700000000, 0x000000070fd80000, 0x00000007aab00000)
  object space 259584K, 31% used [0x0000000700000000,0x0000000704f17910,0x000000070fd80000)
 Metaspace       used 97800K, committed 99648K, reserved 1179648K
  class space    used 13549K, committed 14400K, reserved 1048576K
}
Event: 15.451 GC heap before
{Heap before GC invocations=12 (full 4):
 PSYoungGen      total 411648K, used 385024K [0x00000007aab00000, 0x00000007c7300000, 0x0000000800000000)
  eden space 385024K, 100% used [0x00000007aab00000,0x00000007c2300000,0x00000007c2300000)
  from space 26624K, 0% used [0x00000007c2300000,0x00000007c2300000,0x00000007c3d00000)
  to   space 37888K, 0% used [0x00000007c4e00000,0x00000007c4e00000,0x00000007c7300000)
 ParOldGen       total 259584K, used 80990K [0x0000000700000000, 0x000000070fd80000, 0x00000007aab00000)
  object space 259584K, 31% used [0x0000000700000000,0x0000000704f17910,0x000000070fd80000)
 Metaspace       used 119064K, committed 121344K, reserved 1179648K
  class space    used 16443K, committed 17536K, reserved 1048576K
}
Event: 15.463 GC heap after
{Heap after GC invocations=12 (full 4):
 PSYoungGen      total 426496K, used 30025K [0x00000007aab00000, 0x00000007dea00000, 0x0000000800000000)
  eden space 388608K, 0% used [0x00000007aab00000,0x00000007aab00000,0x00000007c2680000)
  from space 37888K, 79% used [0x00000007c4e00000,0x00000007c6b526d8,0x00000007c7300000)
  to   space 40448K, 0% used [0x00000007c2680000,0x00000007c2680000,0x00000007c4e00000)
 ParOldGen       total 259584K, used 81062K [0x0000000700000000, 0x000000070fd80000, 0x00000007aab00000)
  object space 259584K, 31% used [0x0000000700000000,0x0000000704f29920,0x000000070fd80000)
 Metaspace       used 119064K, committed 121344K, reserved 1179648K
  class space    used 16443K, committed 17536K, reserved 1048576K
}
Event: 145.603 GC heap before
{Heap before GC invocations=13 (full 4):
 PSYoungGen      total 426496K, used 418633K [0x00000007aab00000, 0x00000007dea00000, 0x0000000800000000)
  eden space 388608K, 100% used [0x00000007aab00000,0x00000007c2680000,0x00000007c2680000)
  from space 37888K, 79% used [0x00000007c4e00000,0x00000007c6b526d8,0x00000007c7300000)
  to   space 40448K, 0% used [0x00000007c2680000,0x00000007c2680000,0x00000007c4e00000)
 ParOldGen       total 259584K, used 81062K [0x0000000700000000, 0x000000070fd80000, 0x00000007aab00000)
  object space 259584K, 31% used [0x0000000700000000,0x0000000704f29920,0x000000070fd80000)
 Metaspace       used 131725K, committed 134144K, reserved 1179648K
  class space    used 17900K, committed 19072K, reserved 1048576K
}
Event: 145.616 GC heap after
{Heap after GC invocations=13 (full 4):
 PSYoungGen      total 429056K, used 40424K [0x00000007aab00000, 0x00000007d6b80000, 0x0000000800000000)
  eden space 388608K, 0% used [0x00000007aab00000,0x00000007aab00000,0x00000007c2680000)
  from space 40448K, 99% used [0x00000007c2680000,0x00000007c4dfa000,0x00000007c4e00000)
  to   space 49664K, 0% used [0x00000007d3b00000,0x00000007d3b00000,0x00000007d6b80000)
 ParOldGen       total 259584K, used 89646K [0x0000000700000000, 0x000000070fd80000, 0x00000007aab00000)
  object space 259584K, 34% used [0x0000000700000000,0x000000070578b958,0x000000070fd80000)
 Metaspace       used 131725K, committed 134144K, reserved 1179648K
  class space    used 17900K, committed 19072K, reserved 1048576K
}
Event: 146.839 GC heap before
{Heap before GC invocations=14 (full 4):
 PSYoungGen      total 429056K, used 161468K [0x00000007aab00000, 0x00000007d6b80000, 0x0000000800000000)
  eden space 388608K, 31% used [0x00000007aab00000,0x00000007b21350d0,0x00000007c2680000)
  from space 40448K, 99% used [0x00000007c2680000,0x00000007c4dfa000,0x00000007c4e00000)
  to   space 49664K, 0% used [0x00000007d3b00000,0x00000007d3b00000,0x00000007d6b80000)
 ParOldGen       total 259584K, used 89646K [0x0000000700000000, 0x000000070fd80000, 0x00000007aab00000)
  object space 259584K, 34% used [0x0000000700000000,0x000000070578b958,0x000000070fd80000)
 Metaspace       used 137308K, committed 139776K, reserved 1179648K
  class space    used 18603K, committed 19840K, reserved 1048576K
}
Event: 146.857 GC heap after
{Heap after GC invocations=14 (full 4):
 PSYoungGen      total 668672K, used 26634K [0x00000007aab00000, 0x00000007d6880000, 0x0000000800000000)
  eden space 622080K, 0% used [0x00000007aab00000,0x00000007aab00000,0x00000007d0a80000)
  from space 46592K, 57% used [0x00000007d3b00000,0x00000007d5502800,0x00000007d6880000)
  to   space 48128K, 0% used [0x00000007d0a80000,0x00000007d0a80000,0x00000007d3980000)
 ParOldGen       total 259584K, used 113765K [0x0000000700000000, 0x000000070fd80000, 0x00000007aab00000)
  object space 259584K, 43% used [0x0000000700000000,0x0000000706f196d0,0x000000070fd80000)
 Metaspace       used 137308K, committed 139776K, reserved 1179648K
  class space    used 18603K, committed 19840K, reserved 1048576K
}
Event: 146.857 GC heap before
{Heap before GC invocations=15 (full 5):
 PSYoungGen      total 668672K, used 26634K [0x00000007aab00000, 0x00000007d6880000, 0x0000000800000000)
  eden space 622080K, 0% used [0x00000007aab00000,0x00000007aab00000,0x00000007d0a80000)
  from space 46592K, 57% used [0x00000007d3b00000,0x00000007d5502800,0x00000007d6880000)
  to   space 48128K, 0% used [0x00000007d0a80000,0x00000007d0a80000,0x00000007d3980000)
 ParOldGen       total 259584K, used 113765K [0x0000000700000000, 0x000000070fd80000, 0x00000007aab00000)
  object space 259584K, 43% used [0x0000000700000000,0x0000000706f196d0,0x000000070fd80000)
 Metaspace       used 137308K, committed 139776K, reserved 1179648K
  class space    used 18603K, committed 19840K, reserved 1048576K
}
Event: 146.966 GC heap after
{Heap after GC invocations=15 (full 5):
 PSYoungGen      total 668672K, used 0K [0x00000007aab00000, 0x00000007d6880000, 0x0000000800000000)
  eden space 622080K, 0% used [0x00000007aab00000,0x00000007aab00000,0x00000007d0a80000)
  from space 46592K, 0% used [0x00000007d3b00000,0x00000007d3b00000,0x00000007d6880000)
  to   space 48128K, 0% used [0x00000007d0a80000,0x00000007d0a80000,0x00000007d3980000)
 ParOldGen       total 259584K, used 122106K [0x0000000700000000, 0x000000070fd80000, 0x00000007aab00000)
  object space 259584K, 47% used [0x0000000700000000,0x000000070773ea08,0x000000070fd80000)
 Metaspace       used 137308K, committed 139776K, reserved 1179648K
  class space    used 18603K, committed 19840K, reserved 1048576K
}
Event: 203.002 GC heap before
{Heap before GC invocations=16 (full 5):
 PSYoungGen      total 668672K, used 622080K [0x00000007aab00000, 0x00000007d6880000, 0x0000000800000000)
  eden space 622080K, 100% used [0x00000007aab00000,0x00000007d0a80000,0x00000007d0a80000)
  from space 46592K, 0% used [0x00000007d3b00000,0x00000007d3b00000,0x00000007d6880000)
  to   space 48128K, 0% used [0x00000007d0a80000,0x00000007d0a80000,0x00000007d3980000)
 ParOldGen       total 259584K, used 122106K [0x0000000700000000, 0x000000070fd80000, 0x00000007aab00000)
  object space 259584K, 47% used [0x0000000700000000,0x000000070773ea08,0x000000070fd80000)
 Metaspace       used 143887K, committed 146496K, reserved 1179648K
  class space    used 19499K, committed 20800K, reserved 1048576K
}
Event: 203.029 GC heap after
{Heap after GC invocations=16 (full 5):
 PSYoungGen      total 643584K, used 48121K [0x00000007aab00000, 0x00000007d7080000, 0x0000000800000000)
  eden space 595456K, 0% used [0x00000007aab00000,0x00000007aab00000,0x00000007cf080000)
  from space 48128K, 99% used [0x00000007d0a80000,0x00000007d397e670,0x00000007d3980000)
  to   space 56320K, 0% used [0x00000007d3980000,0x00000007d3980000,0x00000007d7080000)
 ParOldGen       total 259584K, used 151259K [0x0000000700000000, 0x000000070fd80000, 0x00000007aab00000)
  object space 259584K, 58% used [0x0000000700000000,0x00000007093b6f58,0x000000070fd80000)
 Metaspace       used 143887K, committed 146496K, reserved 1179648K
  class space    used 19499K, committed 20800K, reserved 1048576K
}

