# JRE version: OpenJDK Runtime Environment (21.0.8) (build 21.0.8+-14196175-b1038.72)
# Java VM: OpenJDK 64-Bit Server VM (21.0.8+-14196175-b1038.72, mixed mode, tiered, compressed oops, compressed class ptrs, g1 gc, windows-amd64)
GC Precious Log:
 CardTable entry size: 512
 Card Set container configuration: InlinePtr #cards 4 size 8 Array Of Cards #cards 16 size 48 Howl #buckets 8 coarsen threshold 3686 Howl Bitmap #cards 512 size 80 coarsen threshold 460 Card regions per heap region 1 cards per card region 4096
 CPUs: 16 total, 16 available
 Memory: 24283M
 Large Page Support: Disabled
 NUMA Support: Disabled
 Compressed Oops: Enabled (Zero based)
 Heap Region Size: 2M
 Heap Min Capacity: 8M
 Heap Initial Capacity: 380M
 Heap Max Capacity: 3G
 Pre-touch: Disabled
 Parallel Workers: 13
 Concurrent Workers: 3
 Concurrent Refinement Workers: 13
 Periodic GC: Disabled
Heap:
 garbage-first heap   total 356352K, used 239659K [0x0000000740000000, 0x0000000800000000)
  region size 2048K, 18 young (36864K), 3 survivors (6144K)
 Metaspace       used 140504K, committed 142848K, reserved 557056K
  class space    used 18835K, committed 19968K, reserved 425984K
GC Heap History (20 events):
Event: 9.313 GC heap before
{Heap before GC invocations=28 (full 0):
 garbage-first heap   total 278528K, used 241922K [0x0000000740000000, 0x0000000800000000)
  region size 2048K, 48 young (98304K), 7 survivors (14336K)
 Metaspace       used 107927K, committed 109952K, reserved 557056K
  class space    used 14914K, committed 15872K, reserved 425984K
}
Event: 9.318 GC heap after
{Heap after GC invocations=29 (full 0):
 garbage-first heap   total 278528K, used 163579K [0x0000000740000000, 0x0000000800000000)
  region size 2048K, 3 young (6144K), 3 survivors (6144K)
 Metaspace       used 107927K, committed 109952K, reserved 557056K
  class space    used 14914K, committed 15872K, reserved 425984K
}
Event: 9.864 GC heap before
{Heap before GC invocations=30 (full 0):
 garbage-first heap   total 278528K, used 247547K [0x0000000740000000, 0x0000000800000000)
  region size 2048K, 44 young (90112K), 3 survivors (6144K)
 Metaspace       used 107927K, committed 109952K, reserved 557056K
  class space    used 14914K, committed 15872K, reserved 425984K
}
Event: 9.866 GC heap after
{Heap after GC invocations=31 (full 0):
 garbage-first heap   total 278528K, used 165720K [0x0000000740000000, 0x0000000800000000)
  region size 2048K, 4 young (8192K), 4 survivors (8192K)
 Metaspace       used 107927K, committed 109952K, reserved 557056K
  class space    used 14914K, committed 15872K, reserved 425984K
}
Event: 10.346 GC heap before
{Heap before GC invocations=31 (full 0):
 garbage-first heap   total 278528K, used 251736K [0x0000000740000000, 0x0000000800000000)
  region size 2048K, 46 young (94208K), 4 survivors (8192K)
 Metaspace       used 107927K, committed 109952K, reserved 557056K
  class space    used 14914K, committed 15872K, reserved 425984K
}
Event: 10.350 GC heap after
{Heap after GC invocations=32 (full 0):
 garbage-first heap   total 278528K, used 167461K [0x0000000740000000, 0x0000000800000000)
  region size 2048K, 5 young (10240K), 5 survivors (10240K)
 Metaspace       used 107927K, committed 109952K, reserved 557056K
  class space    used 14914K, committed 15872K, reserved 425984K
}
Event: 11.150 GC heap before
{Heap before GC invocations=32 (full 0):
 garbage-first heap   total 278528K, used 249381K [0x0000000740000000, 0x0000000800000000)
  region size 2048K, 45 young (92160K), 5 survivors (10240K)
 Metaspace       used 107964K, committed 109952K, reserved 557056K
  class space    used 14923K, committed 15872K, reserved 425984K
}
Event: 11.153 GC heap after
{Heap after GC invocations=33 (full 0):
 garbage-first heap   total 278528K, used 170925K [0x0000000740000000, 0x0000000800000000)
  region size 2048K, 5 young (10240K), 5 survivors (10240K)
 Metaspace       used 107964K, committed 109952K, reserved 557056K
  class space    used 14923K, committed 15872K, reserved 425984K
}
Event: 11.643 GC heap before
{Heap before GC invocations=34 (full 0):
 garbage-first heap   total 290816K, used 267181K [0x0000000740000000, 0x0000000800000000)
  region size 2048K, 43 young (88064K), 5 survivors (10240K)
 Metaspace       used 108189K, committed 110208K, reserved 557056K
  class space    used 14957K, committed 15936K, reserved 425984K
}
Event: 11.649 GC heap after
{Heap after GC invocations=35 (full 0):
 garbage-first heap   total 290816K, used 179351K [0x0000000740000000, 0x0000000800000000)
  region size 2048K, 6 young (12288K), 6 survivors (12288K)
 Metaspace       used 108189K, committed 110208K, reserved 557056K
  class space    used 14957K, committed 15936K, reserved 425984K
}
Event: 12.216 GC heap before
{Heap before GC invocations=35 (full 0):
 garbage-first heap   total 290816K, used 259223K [0x0000000740000000, 0x0000000800000000)
  region size 2048K, 46 young (94208K), 6 survivors (12288K)
 Metaspace       used 117504K, committed 119680K, reserved 557056K
  class space    used 16171K, committed 17216K, reserved 425984K
}
Event: 12.222 GC heap after
{Heap after GC invocations=36 (full 0):
 garbage-first heap   total 290816K, used 182341K [0x0000000740000000, 0x0000000800000000)
  region size 2048K, 3 young (6144K), 3 survivors (6144K)
 Metaspace       used 117504K, committed 119680K, reserved 557056K
  class space    used 16171K, committed 17216K, reserved 425984K
}
Event: 12.770 GC heap before
{Heap before GC invocations=36 (full 0):
 garbage-first heap   total 290816K, used 266309K [0x0000000740000000, 0x0000000800000000)
  region size 2048K, 44 young (90112K), 3 survivors (6144K)
 Metaspace       used 121970K, committed 124096K, reserved 557056K
  class space    used 16678K, committed 17728K, reserved 425984K
}
Event: 12.774 GC heap after
{Heap after GC invocations=37 (full 0):
 garbage-first heap   total 290816K, used 190194K [0x0000000740000000, 0x0000000800000000)
  region size 2048K, 6 young (12288K), 6 survivors (12288K)
 Metaspace       used 121970K, committed 124096K, reserved 557056K
  class space    used 16678K, committed 17728K, reserved 425984K
}
Event: 13.195 GC heap before
{Heap before GC invocations=38 (full 0):
 garbage-first heap   total 317440K, used 259826K [0x0000000740000000, 0x0000000800000000)
  region size 2048K, 40 young (81920K), 6 survivors (12288K)
 Metaspace       used 124245K, committed 126400K, reserved 557056K
  class space    used 16957K, committed 17984K, reserved 425984K
}
Event: 13.200 GC heap after
{Heap after GC invocations=39 (full 0):
 garbage-first heap   total 317440K, used 196791K [0x0000000740000000, 0x0000000800000000)
  region size 2048K, 4 young (8192K), 4 survivors (8192K)
 Metaspace       used 124245K, committed 126400K, reserved 557056K
  class space    used 16957K, committed 17984K, reserved 425984K
}
Event: 16.374 GC heap before
{Heap before GC invocations=39 (full 0):
 garbage-first heap   total 317440K, used 286903K [0x0000000740000000, 0x0000000800000000)
  region size 2048K, 49 young (100352K), 4 survivors (8192K)
 Metaspace       used 134710K, committed 136960K, reserved 557056K
  class space    used 18291K, committed 19392K, reserved 425984K
}
Event: 16.381 GC heap after
{Heap after GC invocations=40 (full 0):
 garbage-first heap   total 317440K, used 204784K [0x0000000740000000, 0x0000000800000000)
  region size 2048K, 7 young (14336K), 7 survivors (14336K)
 Metaspace       used 134710K, committed 136960K, reserved 557056K
  class space    used 18291K, committed 19392K, reserved 425984K
}
Event: 75.408 GC heap before
{Heap before GC invocations=40 (full 0):
 garbage-first heap   total 317440K, used 282608K [0x0000000740000000, 0x0000000800000000)
  region size 2048K, 46 young (94208K), 7 survivors (14336K)
 Metaspace       used 139687K, committed 141952K, reserved 557056K
  class space    used 18733K, committed 19840K, reserved 425984K
}
Event: 75.414 GC heap after
{Heap after GC invocations=41 (full 0):
 garbage-first heap   total 317440K, used 210987K [0x0000000740000000, 0x0000000800000000)
  region size 2048K, 3 young (6144K), 3 survivors (6144K)
 Metaspace       used 139687K, committed 141952K, reserved 557056K
  class space    used 18733K, committed 19840K, reserved 425984K
}

