# JRE version: OpenJDK Runtime Environment (21.0.8) (build 21.0.8+-14196175-b1038.72)
# Java VM: OpenJDK 64-Bit Server VM (21.0.8+-14196175-b1038.72, mixed mode, tiered, compressed oops, compressed class ptrs, g1 gc, windows-amd64)
GC Precious Log:
 CardTable entry size: 512
 Card Set container configuration: InlinePtr #cards 4 size 8 Array Of Cards #cards 16 size 48 Howl #buckets 8 coarsen threshold 3686 Howl Bitmap #cards 512 size 80 coarsen threshold 460 Card regions per heap region 1 cards per card region 4096
 CPUs: 16 total, 16 available
 Memory: 24283M
 Large Page Support: Disabled
 NUMA Support: Disabled
 Compressed Oops: Enabled (Zero based)
 Heap Region Size: 2M
 Heap Min Capacity: 8M
 Heap Initial Capacity: 380M
 Heap Max Capacity: 3G
 Pre-touch: Disabled
 Parallel Workers: 13
 Concurrent Workers: 3
 Concurrent Refinement Workers: 13
 Periodic GC: Disabled
Heap:
 garbage-first heap   total 309248K, used 268542K [0x0000000740000000, 0x0000000800000000)
  region size 2048K, 46 young (94208K), 4 survivors (8192K)
 Metaspace       used 123463K, committed 125632K, reserved 557056K
  class space    used 16856K, committed 17920K, reserved 425984K
GC Heap History (20 events):
Event: 6.953 GC heap before
{Heap before GC invocations=16 (full 0):
 garbage-first heap   total 241664K, used 206072K [0x0000000740000000, 0x0000000800000000)
  region size 2048K, 49 young (100352K), 6 survivors (12288K)
 Metaspace       used 90478K, committed 92224K, reserved 557056K
  class space    used 12386K, committed 13248K, reserved 425984K
}
Event: 6.960 GC heap after
{Heap after GC invocations=17 (full 0):
 garbage-first heap   total 241664K, used 124833K [0x0000000740000000, 0x0000000800000000)
  region size 2048K, 4 young (8192K), 4 survivors (8192K)
 Metaspace       used 90478K, committed 92224K, reserved 557056K
  class space    used 12386K, committed 13248K, reserved 425984K
}
Event: 7.462 GC heap before
{Heap before GC invocations=17 (full 0):
 garbage-first heap   total 241664K, used 204705K [0x0000000740000000, 0x0000000800000000)
  region size 2048K, 44 young (90112K), 4 survivors (8192K)
 Metaspace       used 95919K, committed 97728K, reserved 557056K
  class space    used 13249K, committed 14144K, reserved 425984K
}
Event: 7.467 GC heap after
{Heap after GC invocations=18 (full 0):
 garbage-first heap   total 241664K, used 127454K [0x0000000740000000, 0x0000000800000000)
  region size 2048K, 5 young (10240K), 5 survivors (10240K)
 Metaspace       used 95919K, committed 97728K, reserved 557056K
  class space    used 13249K, committed 14144K, reserved 425984K
}
Event: 8.191 GC heap before
{Heap before GC invocations=19 (full 0):
 garbage-first heap   total 241664K, used 211422K [0x0000000740000000, 0x0000000800000000)
  region size 2048K, 47 young (96256K), 5 survivors (10240K)
 Metaspace       used 102690K, committed 104704K, reserved 557056K
  class space    used 14128K, committed 15104K, reserved 425984K
}
Event: 8.196 GC heap after
{Heap after GC invocations=20 (full 0):
 garbage-first heap   total 241664K, used 134422K [0x0000000740000000, 0x0000000800000000)
  region size 2048K, 6 young (12288K), 6 survivors (12288K)
 Metaspace       used 102690K, committed 104704K, reserved 557056K
  class space    used 14128K, committed 15104K, reserved 425984K
}
Event: 8.600 GC heap before
{Heap before GC invocations=20 (full 0):
 garbage-first heap   total 241664K, used 216342K [0x0000000740000000, 0x0000000800000000)
  region size 2048K, 44 young (90112K), 6 survivors (12288K)
 Metaspace       used 107955K, committed 109952K, reserved 557056K
  class space    used 14916K, committed 15872K, reserved 425984K
}
Event: 8.609 GC heap after
{Heap after GC invocations=21 (full 0):
 garbage-first heap   total 249856K, used 155408K [0x0000000740000000, 0x0000000800000000)
  region size 2048K, 6 young (12288K), 6 survivors (12288K)
 Metaspace       used 107955K, committed 109952K, reserved 557056K
  class space    used 14916K, committed 15872K, reserved 425984K
}
Event: 9.051 GC heap before
{Heap before GC invocations=21 (full 0):
 garbage-first heap   total 249856K, used 216848K [0x0000000740000000, 0x0000000800000000)
  region size 2048K, 37 young (75776K), 6 survivors (12288K)
 Metaspace       used 107982K, committed 109952K, reserved 557056K
  class space    used 14916K, committed 15872K, reserved 425984K
}
Event: 9.057 GC heap after
{Heap after GC invocations=22 (full 0):
 garbage-first heap   total 301056K, used 161262K [0x0000000740000000, 0x0000000800000000)
  region size 2048K, 4 young (8192K), 4 survivors (8192K)
 Metaspace       used 107982K, committed 109952K, reserved 557056K
  class space    used 14916K, committed 15872K, reserved 425984K
}
Event: 9.660 GC heap before
{Heap before GC invocations=23 (full 0):
 garbage-first heap   total 301056K, used 253422K [0x0000000740000000, 0x0000000800000000)
  region size 2048K, 49 young (100352K), 4 survivors (8192K)
 Metaspace       used 107982K, committed 109952K, reserved 557056K
  class space    used 14916K, committed 15872K, reserved 425984K
}
Event: 9.667 GC heap after
{Heap after GC invocations=24 (full 0):
 garbage-first heap   total 301056K, used 163690K [0x0000000740000000, 0x0000000800000000)
  region size 2048K, 5 young (10240K), 5 survivors (10240K)
 Metaspace       used 107982K, committed 109952K, reserved 557056K
  class space    used 14916K, committed 15872K, reserved 425984K
}
Event: 10.068 GC heap before
{Heap before GC invocations=24 (full 0):
 garbage-first heap   total 301056K, used 259946K [0x0000000740000000, 0x0000000800000000)
  region size 2048K, 52 young (106496K), 5 survivors (10240K)
 Metaspace       used 107982K, committed 109952K, reserved 557056K
  class space    used 14916K, committed 15872K, reserved 425984K
}
Event: 10.075 GC heap after
{Heap after GC invocations=25 (full 0):
 garbage-first heap   total 301056K, used 164911K [0x0000000740000000, 0x0000000800000000)
  region size 2048K, 5 young (10240K), 5 survivors (10240K)
 Metaspace       used 107982K, committed 109952K, reserved 557056K
  class space    used 14916K, committed 15872K, reserved 425984K
}
Event: 10.943 GC heap before
{Heap before GC invocations=25 (full 0):
 garbage-first heap   total 301056K, used 263215K [0x0000000740000000, 0x0000000800000000)
  region size 2048K, 53 young (108544K), 5 survivors (10240K)
 Metaspace       used 107984K, committed 109952K, reserved 557056K
  class space    used 14917K, committed 15872K, reserved 425984K
}
Event: 10.951 GC heap after
{Heap after GC invocations=26 (full 0):
 garbage-first heap   total 301056K, used 169268K [0x0000000740000000, 0x0000000800000000)
  region size 2048K, 5 young (10240K), 5 survivors (10240K)
 Metaspace       used 107984K, committed 109952K, reserved 557056K
  class space    used 14917K, committed 15872K, reserved 425984K
}
Event: 11.534 GC heap before
{Heap before GC invocations=27 (full 0):
 garbage-first heap   total 301056K, used 286004K [0x0000000740000000, 0x0000000800000000)
  region size 2048K, 54 young (110592K), 5 survivors (10240K)
 Metaspace       used 112499K, committed 114624K, reserved 557056K
  class space    used 15451K, committed 16512K, reserved 425984K
}
Event: 11.543 GC heap after
{Heap after GC invocations=28 (full 0):
 garbage-first heap   total 309248K, used 178558K [0x0000000740000000, 0x0000000800000000)
  region size 2048K, 7 young (14336K), 7 survivors (14336K)
 Metaspace       used 112499K, committed 114624K, reserved 557056K
  class space    used 15451K, committed 16512K, reserved 425984K
}
Event: 12.298 GC heap before
{Heap before GC invocations=28 (full 0):
 garbage-first heap   total 309248K, used 272766K [0x0000000740000000, 0x0000000800000000)
  region size 2048K, 54 young (110592K), 7 survivors (14336K)
 Metaspace       used 121675K, committed 123840K, reserved 557056K
  class space    used 16671K, committed 17728K, reserved 425984K
}
Event: 12.309 GC heap after
{Heap after GC invocations=29 (full 0):
 garbage-first heap   total 309248K, used 184574K [0x0000000740000000, 0x0000000800000000)
  region size 2048K, 4 young (8192K), 4 survivors (8192K)
 Metaspace       used 121675K, committed 123840K, reserved 557056K
  class space    used 16671K, committed 17728K, reserved 425984K
}

