# JRE version: OpenJDK Runtime Environment Temurin-21.0.9+10 (21.0.9+10) (build 21.0.9+10-LTS)
# Java VM: OpenJDK 64-Bit Server VM Temurin-21.0.9+10 (21.0.9+10-LTS, mixed mode, sharing, tiered, compressed oops, compressed class ptrs, parallel gc, windows-amd64)
GC Precious Log:
 CardTable entry size: 512
 CPUs: 16 total, 16 available
 Memory: 24283M
 Large Page Support: Disabled
 NUMA Support: Disabled
 Compressed Oops: Enabled (32-bit)
 Alignments: Space 512K, Generation 512K, Heap 2M
 Heap Min Capacity: 100M
 Heap Initial Capacity: 100M
 Heap Max Capacity: 2G
 Pre-touch: Disabled
 Parallel Workers: 13
Heap:
 PSYoungGen      total 24064K, used 18960K [0x00000000d5580000, 0x00000000d7080000, 0x0000000100000000)
  eden space 22016K, 79% used [0x00000000d5580000,0x00000000d66814c8,0x00000000d6b00000)
  from space 2048K, 75% used [0x00000000d6e80000,0x00000000d7002b48,0x00000000d7080000)
  to   space 2048K, 0% used [0x00000000d6c80000,0x00000000d6c80000,0x00000000d6e80000)
 ParOldGen       total 68608K, used 22578K [0x0000000080000000, 0x0000000084300000, 0x00000000d5580000)
  object space 68608K, 32% used [0x0000000080000000,0x000000008160ca48,0x0000000084300000)
 Metaspace       used 45380K, committed 46400K, reserved 1114112K
  class space    used 4925K, committed 5376K, reserved 1048576K
GC Heap History (20 events):
Event: 7.199 GC heap before
{Heap before GC invocations=9 (full 1):
 PSYoungGen      total 29184K, used 24568K [0x00000000d5580000, 0x00000000d7780000, 0x0000000100000000)
  eden space 24576K, 99% used [0x00000000d5580000,0x00000000d6d7e3d0,0x00000000d6d80000)
  from space 4608K, 0% used [0x00000000d6e80000,0x00000000d6e80000,0x00000000d7300000)
  to   space 4608K, 0% used [0x00000000d7300000,0x00000000d7300000,0x00000000d7780000)
 ParOldGen       total 68608K, used 13095K [0x0000000080000000, 0x0000000084300000, 0x00000000d5580000)
  object space 68608K, 19% used [0x0000000080000000,0x0000000080cc9e50,0x0000000084300000)
 Metaspace       used 23255K, committed 24128K, reserved 1114112K
  class space    used 2310K, committed 2688K, reserved 1048576K
}
Event: 7.201 GC heap after
{Heap after GC invocations=9 (full 1):
 PSYoungGen      total 24576K, used 352K [0x00000000d5580000, 0x00000000d7380000, 0x0000000100000000)
  eden space 24064K, 0% used [0x00000000d5580000,0x00000000d5580000,0x00000000d6d00000)
  from space 512K, 68% used [0x00000000d7300000,0x00000000d7358160,0x00000000d7380000)
  to   space 2048K, 0% used [0x00000000d6f80000,0x00000000d6f80000,0x00000000d7180000)
 ParOldGen       total 68608K, used 13103K [0x0000000080000000, 0x0000000084300000, 0x00000000d5580000)
  object space 68608K, 19% used [0x0000000080000000,0x0000000080ccbe50,0x0000000084300000)
 Metaspace       used 23255K, committed 24128K, reserved 1114112K
  class space    used 2310K, committed 2688K, reserved 1048576K
}
Event: 7.667 GC heap before
{Heap before GC invocations=10 (full 1):
 PSYoungGen      total 24576K, used 24416K [0x00000000d5580000, 0x00000000d7380000, 0x0000000100000000)
  eden space 24064K, 100% used [0x00000000d5580000,0x00000000d6d00000,0x00000000d6d00000)
  from space 512K, 68% used [0x00000000d7300000,0x00000000d7358160,0x00000000d7380000)
  to   space 2048K, 0% used [0x00000000d6f80000,0x00000000d6f80000,0x00000000d7180000)
 ParOldGen       total 68608K, used 15058K [0x0000000080000000, 0x0000000084300000, 0x00000000d5580000)
  object space 68608K, 21% used [0x0000000080000000,0x0000000080eb4820,0x0000000084300000)
 Metaspace       used 25740K, committed 26688K, reserved 1114112K
  class space    used 2507K, committed 2880K, reserved 1048576K
}
Event: 7.675 GC heap after
{Heap after GC invocations=10 (full 1):
 PSYoungGen      total 26112K, used 1663K [0x00000000d5580000, 0x00000000d7380000, 0x0000000100000000)
  eden space 24064K, 0% used [0x00000000d5580000,0x00000000d5580000,0x00000000d6d00000)
  from space 2048K, 81% used [0x00000000d6f80000,0x00000000d711fc30,0x00000000d7180000)
  to   space 2048K, 0% used [0x00000000d7180000,0x00000000d7180000,0x00000000d7380000)
 ParOldGen       total 68608K, used 15847K [0x0000000080000000, 0x0000000084300000, 0x00000000d5580000)
  object space 68608K, 23% used [0x0000000080000000,0x0000000080f79d30,0x0000000084300000)
 Metaspace       used 25740K, committed 26688K, reserved 1114112K
  class space    used 2507K, committed 2880K, reserved 1048576K
}
Event: 8.750 GC heap before
{Heap before GC invocations=11 (full 1):
 PSYoungGen      total 26112K, used 25727K [0x00000000d5580000, 0x00000000d7380000, 0x0000000100000000)
  eden space 24064K, 100% used [0x00000000d5580000,0x00000000d6d00000,0x00000000d6d00000)
  from space 2048K, 81% used [0x00000000d6f80000,0x00000000d711fc30,0x00000000d7180000)
  to   space 2048K, 0% used [0x00000000d7180000,0x00000000d7180000,0x00000000d7380000)
 ParOldGen       total 68608K, used 15872K [0x0000000080000000, 0x0000000084300000, 0x00000000d5580000)
  object space 68608K, 23% used [0x0000000080000000,0x0000000080f80128,0x0000000084300000)
 Metaspace       used 28007K, committed 28928K, reserved 1114112K
  class space    used 2811K, committed 3200K, reserved 1048576K
}
Event: 8.758 GC heap after
{Heap after GC invocations=11 (full 1):
 PSYoungGen      total 25088K, used 1508K [0x00000000d5580000, 0x00000000d7300000, 0x0000000100000000)
  eden space 23552K, 0% used [0x00000000d5580000,0x00000000d5580000,0x00000000d6c80000)
  from space 1536K, 98% used [0x00000000d7180000,0x00000000d72f92d0,0x00000000d7300000)
  to   space 2048K, 0% used [0x00000000d6f00000,0x00000000d6f00000,0x00000000d7100000)
 ParOldGen       total 68608K, used 16833K [0x0000000080000000, 0x0000000084300000, 0x00000000d5580000)
  object space 68608K, 24% used [0x0000000080000000,0x0000000081070720,0x0000000084300000)
 Metaspace       used 28007K, committed 28928K, reserved 1114112K
  class space    used 2811K, committed 3200K, reserved 1048576K
}
Event: 9.886 GC heap before
{Heap before GC invocations=12 (full 1):
 PSYoungGen      total 25088K, used 25060K [0x00000000d5580000, 0x00000000d7300000, 0x0000000100000000)
  eden space 23552K, 100% used [0x00000000d5580000,0x00000000d6c80000,0x00000000d6c80000)
  from space 1536K, 98% used [0x00000000d7180000,0x00000000d72f92d0,0x00000000d7300000)
  to   space 2048K, 0% used [0x00000000d6f00000,0x00000000d6f00000,0x00000000d7100000)
 ParOldGen       total 68608K, used 16833K [0x0000000080000000, 0x0000000084300000, 0x00000000d5580000)
  object space 68608K, 24% used [0x0000000080000000,0x0000000081070720,0x0000000084300000)
 Metaspace       used 30741K, committed 31680K, reserved 1114112K
  class space    used 3109K, committed 3520K, reserved 1048576K
}
Event: 9.895 GC heap after
{Heap after GC invocations=12 (full 1):
 PSYoungGen      total 24576K, used 1261K [0x00000000d5580000, 0x00000000d7200000, 0x0000000100000000)
  eden space 23040K, 0% used [0x00000000d5580000,0x00000000d5580000,0x00000000d6c00000)
  from space 1536K, 82% used [0x00000000d6f00000,0x00000000d703b460,0x00000000d7080000)
  to   space 1536K, 0% used [0x00000000d7080000,0x00000000d7080000,0x00000000d7200000)
 ParOldGen       total 68608K, used 18025K [0x0000000080000000, 0x0000000084300000, 0x00000000d5580000)
  object space 68608K, 26% used [0x0000000080000000,0x000000008119a7b8,0x0000000084300000)
 Metaspace       used 30741K, committed 31680K, reserved 1114112K
  class space    used 3109K, committed 3520K, reserved 1048576K
}
Event: 10.580 GC heap before
{Heap before GC invocations=13 (full 1):
 PSYoungGen      total 24576K, used 24301K [0x00000000d5580000, 0x00000000d7200000, 0x0000000100000000)
  eden space 23040K, 100% used [0x00000000d5580000,0x00000000d6c00000,0x00000000d6c00000)
  from space 1536K, 82% used [0x00000000d6f00000,0x00000000d703b460,0x00000000d7080000)
  to   space 1536K, 0% used [0x00000000d7080000,0x00000000d7080000,0x00000000d7200000)
 ParOldGen       total 68608K, used 18025K [0x0000000080000000, 0x0000000084300000, 0x00000000d5580000)
  object space 68608K, 26% used [0x0000000080000000,0x000000008119a7b8,0x0000000084300000)
 Metaspace       used 33192K, committed 34176K, reserved 1114112K
  class space    used 3408K, committed 3776K, reserved 1048576K
}
Event: 10.584 GC heap after
{Heap after GC invocations=13 (full 1):
 PSYoungGen      total 24064K, used 1056K [0x00000000d5580000, 0x00000000d7200000, 0x0000000100000000)
  eden space 22528K, 0% used [0x00000000d5580000,0x00000000d5580000,0x00000000d6b80000)
  from space 1536K, 68% used [0x00000000d7080000,0x00000000d7188000,0x00000000d7200000)
  to   space 1536K, 0% used [0x00000000d6f00000,0x00000000d6f00000,0x00000000d7080000)
 ParOldGen       total 68608K, used 19073K [0x0000000080000000, 0x0000000084300000, 0x00000000d5580000)
  object space 68608K, 27% used [0x0000000080000000,0x00000000812a06b8,0x0000000084300000)
 Metaspace       used 33192K, committed 34176K, reserved 1114112K
  class space    used 3408K, committed 3776K, reserved 1048576K
}
Event: 11.039 GC heap before
{Heap before GC invocations=14 (full 1):
 PSYoungGen      total 24064K, used 16494K [0x00000000d5580000, 0x00000000d7200000, 0x0000000100000000)
  eden space 22528K, 68% used [0x00000000d5580000,0x00000000d6493a98,0x00000000d6b80000)
  from space 1536K, 68% used [0x00000000d7080000,0x00000000d7188000,0x00000000d7200000)
  to   space 1536K, 0% used [0x00000000d6f00000,0x00000000d6f00000,0x00000000d7080000)
 ParOldGen       total 68608K, used 19073K [0x0000000080000000, 0x0000000084300000, 0x00000000d5580000)
  object space 68608K, 27% used [0x0000000080000000,0x00000000812a06b8,0x0000000084300000)
 Metaspace       used 34885K, committed 35840K, reserved 1114112K
  class space    used 3623K, committed 4032K, reserved 1048576K
}
Event: 11.043 GC heap after
{Heap after GC invocations=14 (full 1):
 PSYoungGen      total 24064K, used 1389K [0x00000000d5580000, 0x00000000d7100000, 0x0000000100000000)
  eden space 22528K, 0% used [0x00000000d5580000,0x00000000d5580000,0x00000000d6b80000)
  from space 1536K, 90% used [0x00000000d6f00000,0x00000000d705b598,0x00000000d7080000)
  to   space 512K, 0% used [0x00000000d7080000,0x00000000d7080000,0x00000000d7100000)
 ParOldGen       total 68608K, used 19763K [0x0000000080000000, 0x0000000084300000, 0x00000000d5580000)
  object space 68608K, 28% used [0x0000000080000000,0x000000008134ce60,0x0000000084300000)
 Metaspace       used 34885K, committed 35840K, reserved 1114112K
  class space    used 3623K, committed 4032K, reserved 1048576K
}
Event: 11.043 GC heap before
{Heap before GC invocations=15 (full 2):
 PSYoungGen      total 24064K, used 1389K [0x00000000d5580000, 0x00000000d7100000, 0x0000000100000000)
  eden space 22528K, 0% used [0x00000000d5580000,0x00000000d5580000,0x00000000d6b80000)
  from space 1536K, 90% used [0x00000000d6f00000,0x00000000d705b598,0x00000000d7080000)
  to   space 512K, 0% used [0x00000000d7080000,0x00000000d7080000,0x00000000d7100000)
 ParOldGen       total 68608K, used 19763K [0x0000000080000000, 0x0000000084300000, 0x00000000d5580000)
  object space 68608K, 28% used [0x0000000080000000,0x000000008134ce60,0x0000000084300000)
 Metaspace       used 34885K, committed 35840K, reserved 1114112K
  class space    used 3623K, committed 4032K, reserved 1048576K
}
Event: 11.119 GC heap after
{Heap after GC invocations=15 (full 2):
 PSYoungGen      total 24064K, used 0K [0x00000000d5580000, 0x00000000d7100000, 0x0000000100000000)
  eden space 22528K, 0% used [0x00000000d5580000,0x00000000d5580000,0x00000000d6b80000)
  from space 1536K, 0% used [0x00000000d6f00000,0x00000000d6f00000,0x00000000d7080000)
  to   space 512K, 0% used [0x00000000d7080000,0x00000000d7080000,0x00000000d7100000)
 ParOldGen       total 68608K, used 18196K [0x0000000080000000, 0x0000000084300000, 0x00000000d5580000)
  object space 68608K, 26% used [0x0000000080000000,0x00000000811c5060,0x0000000084300000)
 Metaspace       used 34865K, committed 35840K, reserved 1114112K
  class space    used 3617K, committed 4032K, reserved 1048576K
}
Event: 11.890 GC heap before
{Heap before GC invocations=16 (full 2):
 PSYoungGen      total 24064K, used 22528K [0x00000000d5580000, 0x00000000d7100000, 0x0000000100000000)
  eden space 22528K, 100% used [0x00000000d5580000,0x00000000d6b80000,0x00000000d6b80000)
  from space 1536K, 0% used [0x00000000d6f00000,0x00000000d6f00000,0x00000000d7080000)
  to   space 512K, 0% used [0x00000000d7080000,0x00000000d7080000,0x00000000d7100000)
 ParOldGen       total 68608K, used 18196K [0x0000000080000000, 0x0000000084300000, 0x00000000d5580000)
  object space 68608K, 26% used [0x0000000080000000,0x00000000811c5060,0x0000000084300000)
 Metaspace       used 37508K, committed 38592K, reserved 1114112K
  class space    used 3937K, committed 4416K, reserved 1048576K
}
Event: 11.895 GC heap after
{Heap after GC invocations=16 (full 2):
 PSYoungGen      total 22528K, used 512K [0x00000000d5580000, 0x00000000d7200000, 0x0000000100000000)
  eden space 22016K, 0% used [0x00000000d5580000,0x00000000d5580000,0x00000000d6b00000)
  from space 512K, 100% used [0x00000000d7080000,0x00000000d7100000,0x00000000d7100000)
  to   space 3584K, 0% used [0x00000000d6b00000,0x00000000d6b00000,0x00000000d6e80000)
 ParOldGen       total 68608K, used 20874K [0x0000000080000000, 0x0000000084300000, 0x00000000d5580000)
  object space 68608K, 30% used [0x0000000080000000,0x0000000081462a48,0x0000000084300000)
 Metaspace       used 37508K, committed 38592K, reserved 1114112K
  class space    used 3937K, committed 4416K, reserved 1048576K
}
Event: 12.308 GC heap before
{Heap before GC invocations=17 (full 2):
 PSYoungGen      total 22528K, used 22528K [0x00000000d5580000, 0x00000000d7200000, 0x0000000100000000)
  eden space 22016K, 100% used [0x00000000d5580000,0x00000000d6b00000,0x00000000d6b00000)
  from space 512K, 100% used [0x00000000d7080000,0x00000000d7100000,0x00000000d7100000)
  to   space 3584K, 0% used [0x00000000d6b00000,0x00000000d6b00000,0x00000000d6e80000)
 ParOldGen       total 68608K, used 20874K [0x0000000080000000, 0x0000000084300000, 0x00000000d5580000)
  object space 68608K, 30% used [0x0000000080000000,0x0000000081462a48,0x0000000084300000)
 Metaspace       used 40503K, committed 41664K, reserved 1114112K
  class space    used 4297K, committed 4800K, reserved 1048576K
}
Event: 12.314 GC heap after
{Heap after GC invocations=17 (full 2):
 PSYoungGen      total 25600K, used 1472K [0x00000000d5580000, 0x00000000d7100000, 0x0000000100000000)
  eden space 22016K, 0% used [0x00000000d5580000,0x00000000d5580000,0x00000000d6b00000)
  from space 3584K, 41% used [0x00000000d6b00000,0x00000000d6c70000,0x00000000d6e80000)
  to   space 2560K, 0% used [0x00000000d6e80000,0x00000000d6e80000,0x00000000d7100000)
 ParOldGen       total 68608K, used 21354K [0x0000000080000000, 0x0000000084300000, 0x00000000d5580000)
  object space 68608K, 31% used [0x0000000080000000,0x00000000814daa48,0x0000000084300000)
 Metaspace       used 40503K, committed 41664K, reserved 1114112K
  class space    used 4297K, committed 4800K, reserved 1048576K
}
Event: 13.002 GC heap before
{Heap before GC invocations=18 (full 2):
 PSYoungGen      total 25600K, used 23488K [0x00000000d5580000, 0x00000000d7100000, 0x0000000100000000)
  eden space 22016K, 100% used [0x00000000d5580000,0x00000000d6b00000,0x00000000d6b00000)
  from space 3584K, 41% used [0x00000000d6b00000,0x00000000d6c70000,0x00000000d6e80000)
  to   space 2560K, 0% used [0x00000000d6e80000,0x00000000d6e80000,0x00000000d7100000)
 ParOldGen       total 68608K, used 21354K [0x0000000080000000, 0x0000000084300000, 0x00000000d5580000)
  object space 68608K, 31% used [0x0000000080000000,0x00000000814daa48,0x0000000084300000)
 Metaspace       used 43603K, committed 44672K, reserved 1114112K
  class space    used 4718K, committed 5184K, reserved 1048576K
}
Event: 13.009 GC heap after
{Heap after GC invocations=18 (full 2):
 PSYoungGen      total 24064K, used 1546K [0x00000000d5580000, 0x00000000d7080000, 0x0000000100000000)
  eden space 22016K, 0% used [0x00000000d5580000,0x00000000d5580000,0x00000000d6b00000)
  from space 2048K, 75% used [0x00000000d6e80000,0x00000000d7002b48,0x00000000d7080000)
  to   space 2048K, 0% used [0x00000000d6c80000,0x00000000d6c80000,0x00000000d6e80000)
 ParOldGen       total 68608K, used 22578K [0x0000000080000000, 0x0000000084300000, 0x00000000d5580000)
  object space 68608K, 32% used [0x0000000080000000,0x000000008160ca48,0x0000000084300000)
 Metaspace       used 43603K, committed 44672K, reserved 1114112K
  class space    used 4718K, committed 5184K, reserved 1048576K
}

