# JRE version: OpenJDK Runtime Environment (21.0.8) (build 21.0.8+-14196175-b1038.72)
# Java VM: OpenJDK 64-Bit Server VM (21.0.8+-14196175-b1038.72, mixed mode, tiered, compressed oops, compressed class ptrs, g1 gc, windows-amd64)
GC Precious Log:
 CardTable entry size: 512
 Card Set container configuration: InlinePtr #cards 5 size 8 Array Of Cards #cards 12 size 40 Howl #buckets 4 coarsen threshold 1843 Howl Bitmap #cards 512 size 80 coarsen threshold 460 Card regions per heap region 1 cards per card region 2048
 CPUs: 16 total, 16 available
 Memory: 24283M
 Large Page Support: Disabled
 NUMA Support: Disabled
 Compressed Oops: Enabled (32-bit)
 Heap Region Size: 1M
 Heap Min Capacity: 8M
 Heap Initial Capacity: 380M
 Heap Max Capacity: 2G
 Pre-touch: Disabled
 Parallel Workers: 13
 Concurrent Workers: 3
 Concurrent Refinement Workers: 13
 Periodic GC: Disabled
Heap:
 garbage-first heap   total 208896K, used 158328K [0x0000000080000000, 0x0000000100000000)
  region size 1024K, 95 young (97280K), 3 survivors (3072K)
 Metaspace       used 52376K, committed 53632K, reserved 1114112K
  class space    used 7193K, committed 7808K, reserved 1048576K
GC Heap History (18 events):
Event: 0.492 GC heap before
{Heap before GC invocations=0 (full 0):
 garbage-first heap   total 389120K, used 26624K [0x0000000080000000, 0x0000000100000000)
  region size 1024K, 23 young (23552K), 0 survivors (0K)
 Metaspace       used 10952K, committed 11072K, reserved 1114112K
  class space    used 1169K, committed 1216K, reserved 1048576K
}
Event: 0.497 GC heap after
{Heap after GC invocations=1 (full 0):
 garbage-first heap   total 389120K, used 10240K [0x0000000080000000, 0x0000000100000000)
  region size 1024K, 3 young (3072K), 3 survivors (3072K)
 Metaspace       used 10952K, committed 11072K, reserved 1114112K
  class space    used 1169K, committed 1216K, reserved 1048576K
}
Event: 0.704 GC heap before
{Heap before GC invocations=1 (full 0):
 garbage-first heap   total 389120K, used 40960K [0x0000000080000000, 0x0000000100000000)
  region size 1024K, 32 young (32768K), 3 survivors (3072K)
 Metaspace       used 12149K, committed 12352K, reserved 1114112K
  class space    used 1297K, committed 1408K, reserved 1048576K
}
Event: 0.708 GC heap after
{Heap after GC invocations=2 (full 0):
 garbage-first heap   total 389120K, used 12312K [0x0000000080000000, 0x0000000100000000)
  region size 1024K, 3 young (3072K), 3 survivors (3072K)
 Metaspace       used 12149K, committed 12352K, reserved 1114112K
  class space    used 1297K, committed 1408K, reserved 1048576K
}
Event: 1.299 GC heap before
{Heap before GC invocations=2 (full 0):
 garbage-first heap   total 389120K, used 51224K [0x0000000080000000, 0x0000000100000000)
  region size 1024K, 42 young (43008K), 3 survivors (3072K)
 Metaspace       used 21249K, committed 21504K, reserved 1114112K
  class space    used 2518K, committed 2624K, reserved 1048576K
}
Event: 1.303 GC heap after
{Heap after GC invocations=3 (full 0):
 garbage-first heap   total 389120K, used 19034K [0x0000000080000000, 0x0000000100000000)
  region size 1024K, 9 young (9216K), 9 survivors (9216K)
 Metaspace       used 21249K, committed 21504K, reserved 1114112K
  class space    used 2518K, committed 2624K, reserved 1048576K
}
Event: 1.896 GC heap before
{Heap before GC invocations=4 (full 0):
 garbage-first heap   total 65536K, used 64090K [0x0000000080000000, 0x0000000100000000)
  region size 1024K, 54 young (55296K), 9 survivors (9216K)
 Metaspace       used 28580K, committed 29120K, reserved 1114112K
  class space    used 3768K, committed 4032K, reserved 1048576K
}
Event: 1.904 GC heap after
{Heap after GC invocations=5 (full 0):
 garbage-first heap   total 77824K, used 21719K [0x0000000080000000, 0x0000000100000000)
  region size 1024K, 3 young (3072K), 3 survivors (3072K)
 Metaspace       used 28580K, committed 29120K, reserved 1114112K
  class space    used 3768K, committed 4032K, reserved 1048576K
}
Event: 2.376 GC heap before
{Heap before GC invocations=5 (full 0):
 garbage-first heap   total 77824K, used 69847K [0x0000000080000000, 0x0000000100000000)
  region size 1024K, 38 young (38912K), 3 survivors (3072K)
 Metaspace       used 33282K, committed 33984K, reserved 1114112K
  class space    used 4596K, committed 4928K, reserved 1048576K
}
Event: 2.379 GC heap after
{Heap after GC invocations=6 (full 0):
 garbage-first heap   total 79872K, used 40957K [0x0000000080000000, 0x0000000100000000)
  region size 1024K, 5 young (5120K), 5 survivors (5120K)
 Metaspace       used 33282K, committed 33984K, reserved 1114112K
  class space    used 4596K, committed 4928K, reserved 1048576K
}
Event: 2.392 GC heap before
{Heap before GC invocations=6 (full 0):
 garbage-first heap   total 79872K, used 47101K [0x0000000080000000, 0x0000000100000000)
  region size 1024K, 6 young (6144K), 5 survivors (5120K)
 Metaspace       used 33282K, committed 33984K, reserved 1114112K
  class space    used 4596K, committed 4928K, reserved 1048576K
}
Event: 2.394 GC heap after
{Heap after GC invocations=7 (full 0):
 garbage-first heap   total 79872K, used 47914K [0x0000000080000000, 0x0000000100000000)
  region size 1024K, 1 young (1024K), 1 survivors (1024K)
 Metaspace       used 33282K, committed 33984K, reserved 1114112K
  class space    used 4596K, committed 4928K, reserved 1048576K
}
Event: 2.610 GC heap before
{Heap before GC invocations=8 (full 0):
 garbage-first heap   total 87040K, used 76586K [0x0000000080000000, 0x0000000100000000)
  region size 1024K, 22 young (22528K), 1 survivors (1024K)
 Metaspace       used 35806K, committed 36544K, reserved 1114112K
  class space    used 5011K, committed 5376K, reserved 1048576K
}
Event: 2.614 GC heap after
{Heap after GC invocations=9 (full 0):
 garbage-first heap   total 87040K, used 59423K [0x0000000080000000, 0x0000000100000000)
  region size 1024K, 3 young (3072K), 3 survivors (3072K)
 Metaspace       used 35806K, committed 36544K, reserved 1114112K
  class space    used 5011K, committed 5376K, reserved 1048576K
}
Event: 2.801 GC heap before
{Heap before GC invocations=9 (full 0):
 garbage-first heap   total 87040K, used 77855K [0x0000000080000000, 0x0000000100000000)
  region size 1024K, 21 young (21504K), 3 survivors (3072K)
 Metaspace       used 38108K, committed 39104K, reserved 1114112K
  class space    used 5408K, committed 5888K, reserved 1048576K
}
Event: 2.804 GC heap after
{Heap after GC invocations=10 (full 0):
 garbage-first heap   total 87040K, used 59975K [0x0000000080000000, 0x0000000100000000)
  region size 1024K, 1 young (1024K), 1 survivors (1024K)
 Metaspace       used 38108K, committed 39104K, reserved 1114112K
  class space    used 5408K, committed 5888K, reserved 1048576K
}
Event: 3.037 GC heap before
{Heap before GC invocations=10 (full 0):
 garbage-first heap   total 87040K, used 79431K [0x0000000080000000, 0x0000000100000000)
  region size 1024K, 20 young (20480K), 1 survivors (1024K)
 Metaspace       used 41180K, committed 42304K, reserved 1114112K
  class space    used 5910K, committed 6464K, reserved 1048576K
}
Event: 3.040 GC heap after
{Heap after GC invocations=11 (full 0):
 garbage-first heap   total 238592K, used 61048K [0x0000000080000000, 0x0000000100000000)
  region size 1024K, 3 young (3072K), 3 survivors (3072K)
 Metaspace       used 41180K, committed 42304K, reserved 1114112K
  class space    used 5910K, committed 6464K, reserved 1048576K
}

