# JRE version: OpenJDK Runtime Environment (21.0.8) (build 21.0.8+-14196175-b1038.72)
# Java VM: OpenJDK 64-Bit Server VM (21.0.8+-14196175-b1038.72, mixed mode, tiered, compressed oops, compressed class ptrs, g1 gc, windows-amd64)
GC Precious Log:
 CardTable entry size: 512
 Card Set container configuration: InlinePtr #cards 4 size 8 Array Of Cards #cards 16 size 48 Howl #buckets 8 coarsen threshold 3686 Howl Bitmap #cards 512 size 80 coarsen threshold 460 Card regions per heap region 1 cards per card region 4096
 CPUs: 16 total, 16 available
 Memory: 24283M
 Large Page Support: Disabled
 NUMA Support: Disabled
 Compressed Oops: Enabled (Zero based)
 Heap Region Size: 2M
 Heap Min Capacity: 8M
 Heap Initial Capacity: 380M
 Heap Max Capacity: 3G
 Pre-touch: Disabled
 Parallel Workers: 13
 Concurrent Workers: 3
 Concurrent Refinement Workers: 13
 Periodic GC: Disabled
Heap:
 garbage-first heap   total 395264K, used 260272K [0x0000000740000000, 0x0000000800000000)
  region size 2048K, 47 young (96256K), 12 survivors (24576K)
 Metaspace       used 130471K, committed 132736K, reserved 557056K
  class space    used 17830K, committed 18944K, reserved 425984K
GC Heap History (20 events):
Event: 164.182 GC heap before
{Heap before GC invocations=14 (full 0):
 garbage-first heap   total 192512K, used 148752K [0x0000000740000000, 0x0000000800000000)
  region size 2048K, 40 young (81920K), 6 survivors (12288K)
 Metaspace       used 68309K, committed 69888K, reserved 491520K
  class space    used 9548K, committed 10304K, reserved 425984K
}
Event: 164.195 GC heap after
{Heap after GC invocations=15 (full 0):
 garbage-first heap   total 192512K, used 83830K [0x0000000740000000, 0x0000000800000000)
  region size 2048K, 5 young (10240K), 5 survivors (10240K)
 Metaspace       used 68309K, committed 69888K, reserved 491520K
  class space    used 9548K, committed 10304K, reserved 425984K
}
Event: 167.312 GC heap before
{Heap before GC invocations=15 (full 0):
 garbage-first heap   total 192512K, used 161654K [0x0000000740000000, 0x0000000800000000)
  region size 2048K, 40 young (81920K), 5 survivors (10240K)
 Metaspace       used 73411K, committed 75072K, reserved 491520K
  class space    used 10190K, committed 11008K, reserved 425984K
}
Event: 167.328 GC heap after
{Heap after GC invocations=16 (full 0):
 garbage-first heap   total 192512K, used 108250K [0x0000000740000000, 0x0000000800000000)
  region size 2048K, 5 young (10240K), 5 survivors (10240K)
 Metaspace       used 73411K, committed 75072K, reserved 491520K
  class space    used 10190K, committed 11008K, reserved 425984K
}
Event: 168.647 GC heap before
{Heap before GC invocations=16 (full 0):
 garbage-first heap   total 192512K, used 157402K [0x0000000740000000, 0x0000000800000000)
  region size 2048K, 29 young (59392K), 5 survivors (10240K)
 Metaspace       used 78708K, committed 80512K, reserved 557056K
  class space    used 10821K, committed 11712K, reserved 425984K
}
Event: 168.652 GC heap after
{Heap after GC invocations=17 (full 0):
 garbage-first heap   total 192512K, used 108952K [0x0000000740000000, 0x0000000800000000)
  region size 2048K, 1 young (2048K), 1 survivors (2048K)
 Metaspace       used 78708K, committed 80512K, reserved 557056K
  class space    used 10821K, committed 11712K, reserved 425984K
}
Event: 169.809 GC heap before
{Heap before GC invocations=18 (full 0):
 garbage-first heap   total 192512K, used 162200K [0x0000000740000000, 0x0000000800000000)
  region size 2048K, 27 young (55296K), 1 survivors (2048K)
 Metaspace       used 83107K, committed 84928K, reserved 557056K
  class space    used 11431K, committed 12352K, reserved 425984K
}
Event: 169.814 GC heap after
{Heap after GC invocations=19 (full 0):
 garbage-first heap   total 385024K, used 117389K [0x0000000740000000, 0x0000000800000000)
  region size 2048K, 4 young (8192K), 4 survivors (8192K)
 Metaspace       used 83107K, committed 84928K, reserved 557056K
  class space    used 11431K, committed 12352K, reserved 425984K
}
Event: 175.803 GC heap before
{Heap before GC invocations=19 (full 0):
 garbage-first heap   total 385024K, used 340621K [0x0000000740000000, 0x0000000800000000)
  region size 2048K, 112 young (229376K), 4 survivors (8192K)
 Metaspace       used 101371K, committed 103232K, reserved 557056K
  class space    used 13901K, committed 14848K, reserved 425984K
}
Event: 175.818 GC heap after
{Heap after GC invocations=20 (full 0):
 garbage-first heap   total 385024K, used 132540K [0x0000000740000000, 0x0000000800000000)
  region size 2048K, 10 young (20480K), 10 survivors (20480K)
 Metaspace       used 101371K, committed 103232K, reserved 557056K
  class space    used 13901K, committed 14848K, reserved 425984K
}
Event: 178.704 GC heap before
{Heap before GC invocations=20 (full 0):
 garbage-first heap   total 385024K, used 236988K [0x0000000740000000, 0x0000000800000000)
  region size 2048K, 63 young (129024K), 10 survivors (20480K)
 Metaspace       used 110187K, committed 112128K, reserved 557056K
  class space    used 15162K, committed 16128K, reserved 425984K
}
Event: 178.721 GC heap after
{Heap after GC invocations=21 (full 0):
 garbage-first heap   total 385024K, used 140399K [0x0000000740000000, 0x0000000800000000)
  region size 2048K, 11 young (22528K), 11 survivors (22528K)
 Metaspace       used 110187K, committed 112128K, reserved 557056K
  class space    used 15162K, committed 16128K, reserved 425984K
}
Event: 184.201 GC heap before
{Heap before GC invocations=22 (full 0):
 garbage-first heap   total 385024K, used 341103K [0x0000000740000000, 0x0000000800000000)
  region size 2048K, 107 young (219136K), 11 survivors (22528K)
 Metaspace       used 115193K, committed 117248K, reserved 557056K
  class space    used 15911K, committed 16896K, reserved 425984K
}
Event: 184.223 GC heap after
{Heap after GC invocations=23 (full 0):
 garbage-first heap   total 389120K, used 164804K [0x0000000740000000, 0x0000000800000000)
  region size 2048K, 14 young (28672K), 14 survivors (28672K)
 Metaspace       used 115193K, committed 117248K, reserved 557056K
  class space    used 15911K, committed 16896K, reserved 425984K
}
Event: 189.046 GC heap before
{Heap before GC invocations=23 (full 0):
 garbage-first heap   total 389120K, used 334788K [0x0000000740000000, 0x0000000800000000)
  region size 2048K, 97 young (198656K), 14 survivors (28672K)
 Metaspace       used 115193K, committed 117248K, reserved 557056K
  class space    used 15911K, committed 16896K, reserved 425984K
}
Event: 189.063 GC heap after
{Heap after GC invocations=24 (full 0):
 garbage-first heap   total 389120K, used 171543K [0x0000000740000000, 0x0000000800000000)
  region size 2048K, 4 young (8192K), 4 survivors (8192K)
 Metaspace       used 115193K, committed 117248K, reserved 557056K
  class space    used 15911K, committed 16896K, reserved 425984K
}
Event: 193.173 GC heap before
{Heap before GC invocations=24 (full 0):
 garbage-first heap   total 389120K, used 271895K [0x0000000740000000, 0x0000000800000000)
  region size 2048K, 54 young (110592K), 4 survivors (8192K)
 Metaspace       used 115237K, committed 117248K, reserved 557056K
  class space    used 15922K, committed 16896K, reserved 425984K
}
Event: 193.182 GC heap after
{Heap after GC invocations=25 (full 0):
 garbage-first heap   total 389120K, used 176079K [0x0000000740000000, 0x0000000800000000)
  region size 2048K, 7 young (14336K), 7 survivors (14336K)
 Metaspace       used 115237K, committed 117248K, reserved 557056K
  class space    used 15922K, committed 16896K, reserved 425984K
}
Event: 197.675 GC heap before
{Heap before GC invocations=26 (full 0):
 garbage-first heap   total 389120K, used 362447K [0x0000000740000000, 0x0000000800000000)
  region size 2048K, 90 young (184320K), 7 survivors (14336K)
 Metaspace       used 128871K, committed 131072K, reserved 557056K
  class space    used 17650K, committed 18752K, reserved 425984K
}
Event: 197.687 GC heap after
{Heap after GC invocations=27 (full 0):
 garbage-first heap   total 395264K, used 190640K [0x0000000740000000, 0x0000000800000000)
  region size 2048K, 12 young (24576K), 12 survivors (24576K)
 Metaspace       used 128871K, committed 131072K, reserved 557056K
  class space    used 17650K, committed 18752K, reserved 425984K
}

