# JRE version: OpenJDK Runtime Environment (21.0.8) (build 21.0.8+-14196175-b1038.72)
# Java VM: OpenJDK 64-Bit Server VM (21.0.8+-14196175-b1038.72, mixed mode, tiered, compressed oops, compressed class ptrs, g1 gc, windows-amd64)
GC Precious Log:
 CardTable entry size: 512
 Card Set container configuration: InlinePtr #cards 4 size 8 Array Of Cards #cards 16 size 48 Howl #buckets 8 coarsen threshold 3686 Howl Bitmap #cards 512 size 80 coarsen threshold 460 Card regions per heap region 1 cards per card region 4096
 CPUs: 16 total, 16 available
 Memory: 24283M
 Large Page Support: Disabled
 NUMA Support: Disabled
 Compressed Oops: Enabled (Zero based)
 Heap Region Size: 2M
 Heap Min Capacity: 8M
 Heap Initial Capacity: 380M
 Heap Max Capacity: 3G
 Pre-touch: Disabled
 Parallel Workers: 13
 Concurrent Workers: 3
 Concurrent Refinement Workers: 13
 Periodic GC: Disabled
Heap:
 garbage-first heap   total 292864K, used 228707K [0x0000000740000000, 0x0000000800000000)
  region size 2048K, 31 young (63488K), 2 survivors (4096K)
 Metaspace       used 160591K, committed 162944K, reserved 622592K
  class space    used 21261K, committed 22400K, reserved 425984K
GC Heap History (20 events):
Event: 21.710 GC heap before
{Heap before GC invocations=42 (full 0):
 garbage-first heap   total 274432K, used 272220K [0x0000000740000000, 0x0000000800000000)
  region size 2048K, 41 young (83968K), 6 survivors (12288K)
 Metaspace       used 154550K, committed 156800K, reserved 622592K
  class space    used 20888K, committed 22016K, reserved 425984K
}
Event: 21.714 GC heap after
{Heap after GC invocations=43 (full 0):
 garbage-first heap   total 288768K, used 163549K [0x0000000740000000, 0x0000000800000000)
  region size 2048K, 2 young (4096K), 2 survivors (4096K)
 Metaspace       used 154550K, committed 156800K, reserved 622592K
  class space    used 20888K, committed 22016K, reserved 425984K
}
Event: 418.668 GC heap before
{Heap before GC invocations=43 (full 0):
 garbage-first heap   total 288768K, used 257757K [0x0000000740000000, 0x0000000800000000)
  region size 2048K, 49 young (100352K), 2 survivors (4096K)
 Metaspace       used 158031K, committed 160320K, reserved 622592K
  class space    used 21150K, committed 22272K, reserved 425984K
}
Event: 418.673 GC heap after
{Heap after GC invocations=44 (full 0):
 garbage-first heap   total 288768K, used 169997K [0x0000000740000000, 0x0000000800000000)
  region size 2048K, 5 young (10240K), 5 survivors (10240K)
 Metaspace       used 158031K, committed 160320K, reserved 622592K
  class space    used 21150K, committed 22272K, reserved 425984K
}
Event: 422.871 GC heap before
{Heap before GC invocations=45 (full 0):
 garbage-first heap   total 288768K, used 253965K [0x0000000740000000, 0x0000000800000000)
  region size 2048K, 49 young (100352K), 5 survivors (10240K)
 Metaspace       used 158575K, committed 160960K, reserved 622592K
  class space    used 21216K, committed 22400K, reserved 425984K
}
Event: 422.874 GC heap after
{Heap after GC invocations=46 (full 0):
 garbage-first heap   total 288768K, used 162955K [0x0000000740000000, 0x0000000800000000)
  region size 2048K, 3 young (6144K), 3 survivors (6144K)
 Metaspace       used 158575K, committed 160960K, reserved 622592K
  class space    used 21216K, committed 22400K, reserved 425984K
}
Event: 424.143 GC heap before
{Heap before GC invocations=46 (full 0):
 garbage-first heap   total 288768K, used 259211K [0x0000000740000000, 0x0000000800000000)
  region size 2048K, 51 young (104448K), 3 survivors (6144K)
 Metaspace       used 159119K, committed 161472K, reserved 622592K
  class space    used 21223K, committed 22400K, reserved 425984K
}
Event: 424.148 GC heap after
{Heap after GC invocations=47 (full 0):
 garbage-first heap   total 288768K, used 165410K [0x0000000740000000, 0x0000000800000000)
  region size 2048K, 6 young (12288K), 6 survivors (12288K)
 Metaspace       used 159119K, committed 161472K, reserved 622592K
  class space    used 21223K, committed 22400K, reserved 425984K
}
Event: 426.684 GC heap before
{Heap before GC invocations=47 (full 0):
 garbage-first heap   total 288768K, used 257570K [0x0000000740000000, 0x0000000800000000)
  region size 2048K, 51 young (104448K), 6 survivors (12288K)
 Metaspace       used 159431K, committed 161792K, reserved 622592K
  class space    used 21229K, committed 22400K, reserved 425984K
}
Event: 426.689 GC heap after
{Heap after GC invocations=48 (full 0):
 garbage-first heap   total 288768K, used 166626K [0x0000000740000000, 0x0000000800000000)
  region size 2048K, 6 young (12288K), 6 survivors (12288K)
 Metaspace       used 159431K, committed 161792K, reserved 622592K
  class space    used 21229K, committed 22400K, reserved 425984K
}
Event: 429.342 GC heap before
{Heap before GC invocations=49 (full 0):
 garbage-first heap   total 288768K, used 256738K [0x0000000740000000, 0x0000000800000000)
  region size 2048K, 51 young (104448K), 6 survivors (12288K)
 Metaspace       used 159582K, committed 161920K, reserved 622592K
  class space    used 21233K, committed 22400K, reserved 425984K
}
Event: 429.347 GC heap after
{Heap after GC invocations=50 (full 0):
 garbage-first heap   total 288768K, used 170740K [0x0000000740000000, 0x0000000800000000)
  region size 2048K, 3 young (6144K), 3 survivors (6144K)
 Metaspace       used 159582K, committed 161920K, reserved 622592K
  class space    used 21233K, committed 22400K, reserved 425984K
}
Event: 430.342 GC heap before
{Heap before GC invocations=50 (full 0):
 garbage-first heap   total 288768K, used 262900K [0x0000000740000000, 0x0000000800000000)
  region size 2048K, 49 young (100352K), 3 survivors (6144K)
 Metaspace       used 159803K, committed 162112K, reserved 622592K
  class space    used 21235K, committed 22400K, reserved 425984K
}
Event: 430.351 GC heap after
{Heap after GC invocations=51 (full 0):
 garbage-first heap   total 292864K, used 167953K [0x0000000740000000, 0x0000000800000000)
  region size 2048K, 6 young (12288K), 6 survivors (12288K)
 Metaspace       used 159803K, committed 162112K, reserved 622592K
  class space    used 21235K, committed 22400K, reserved 425984K
}
Event: 501.522 GC heap before
{Heap before GC invocations=51 (full 0):
 garbage-first heap   total 292864K, used 260113K [0x0000000740000000, 0x0000000800000000)
  region size 2048K, 52 young (106496K), 6 survivors (12288K)
 Metaspace       used 160090K, committed 162496K, reserved 622592K
  class space    used 21238K, committed 22400K, reserved 425984K
}
Event: 501.527 GC heap after
{Heap after GC invocations=52 (full 0):
 garbage-first heap   total 292864K, used 170625K [0x0000000740000000, 0x0000000800000000)
  region size 2048K, 6 young (12288K), 6 survivors (12288K)
 Metaspace       used 160090K, committed 162496K, reserved 622592K
  class space    used 21238K, committed 22400K, reserved 425984K
}
Event: 502.710 GC heap before
{Heap before GC invocations=53 (full 0):
 garbage-first heap   total 292864K, used 266881K [0x0000000740000000, 0x0000000800000000)
  region size 2048K, 51 young (104448K), 6 survivors (12288K)
 Metaspace       used 160380K, committed 162688K, reserved 622592K
  class space    used 21244K, committed 22400K, reserved 425984K
}
Event: 502.714 GC heap after
{Heap after GC invocations=54 (full 0):
 garbage-first heap   total 292864K, used 174809K [0x0000000740000000, 0x0000000800000000)
  region size 2048K, 3 young (6144K), 3 survivors (6144K)
 Metaspace       used 160380K, committed 162688K, reserved 622592K
  class space    used 21244K, committed 22400K, reserved 425984K
}
Event: 504.059 GC heap before
{Heap before GC invocations=54 (full 0):
 garbage-first heap   total 292864K, used 266969K [0x0000000740000000, 0x0000000800000000)
  region size 2048K, 49 young (100352K), 3 survivors (6144K)
 Metaspace       used 160489K, committed 162880K, reserved 622592K
  class space    used 21245K, committed 22400K, reserved 425984K
}
Event: 504.062 GC heap after
{Heap after GC invocations=55 (full 0):
 garbage-first heap   total 292864K, used 171363K [0x0000000740000000, 0x0000000800000000)
  region size 2048K, 2 young (4096K), 2 survivors (4096K)
 Metaspace       used 160489K, committed 162880K, reserved 622592K
  class space    used 21245K, committed 22400K, reserved 425984K
}

