# JRE version: OpenJDK Runtime Environment (21.0.8) (build 21.0.8+-14196175-b1038.72)
# Java VM: OpenJDK 64-Bit Server VM (21.0.8+-14196175-b1038.72, mixed mode, tiered, compressed oops, compressed class ptrs, g1 gc, windows-amd64)
GC Precious Log:
 CardTable entry size: 512
 Card Set container configuration: InlinePtr #cards 5 size 8 Array Of Cards #cards 12 size 40 Howl #buckets 4 coarsen threshold 1843 Howl Bitmap #cards 512 size 80 coarsen threshold 460 Card regions per heap region 1 cards per card region 2048
 CPUs: 16 total, 16 available
 Memory: 24283M
 Large Page Support: Disabled
 NUMA Support: Disabled
 Compressed Oops: Enabled (32-bit)
 Heap Region Size: 1M
 Heap Min Capacity: 8M
 Heap Initial Capacity: 380M
 Heap Max Capacity: 2G
 Pre-touch: Disabled
 Parallel Workers: 13
 Concurrent Workers: 3
 Concurrent Refinement Workers: 13
 Periodic GC: Disabled
Heap:
 garbage-first heap   total 276480K, used 256388K [0x0000000080000000, 0x0000000100000000)
  region size 1024K, 126 young (129024K), 6 survivors (6144K)
 Metaspace       used 138544K, committed 140544K, reserved 1179648K
  class space    used 18151K, committed 19136K, reserved 1048576K
GC Heap History (20 events):
Event: 11.587 GC heap before
{Heap before GC invocations=39 (full 0):
 garbage-first heap   total 340992K, used 281242K [0x0000000080000000, 0x0000000100000000)
  region size 1024K, 199 young (203776K), 15 survivors (15360K)
 Metaspace       used 58925K, committed 60288K, reserved 1114112K
  class space    used 8062K, committed 8704K, reserved 1048576K
}
Event: 11.589 GC heap after
{Heap after GC invocations=40 (full 0):
 garbage-first heap   total 340992K, used 81496K [0x0000000080000000, 0x0000000100000000)
  region size 1024K, 4 young (4096K), 4 survivors (4096K)
 Metaspace       used 58925K, committed 60288K, reserved 1114112K
  class space    used 8062K, committed 8704K, reserved 1048576K
}
Event: 11.831 GC heap before
{Heap before GC invocations=41 (full 0):
 garbage-first heap   total 270336K, used 237144K [0x0000000080000000, 0x0000000100000000)
  region size 1024K, 158 young (161792K), 4 survivors (4096K)
 Metaspace       used 58925K, committed 60288K, reserved 1114112K
  class space    used 8062K, committed 8704K, reserved 1048576K
}
Event: 11.834 GC heap after
{Heap after GC invocations=42 (full 0):
 garbage-first heap   total 270336K, used 79947K [0x0000000080000000, 0x0000000100000000)
  region size 1024K, 4 young (4096K), 4 survivors (4096K)
 Metaspace       used 58925K, committed 60288K, reserved 1114112K
  class space    used 8062K, committed 8704K, reserved 1048576K
}
Event: 12.073 GC heap before
{Heap before GC invocations=42 (full 0):
 garbage-first heap   total 270336K, used 237643K [0x0000000080000000, 0x0000000100000000)
  region size 1024K, 158 young (161792K), 4 survivors (4096K)
 Metaspace       used 58925K, committed 60288K, reserved 1114112K
  class space    used 8062K, committed 8704K, reserved 1048576K
}
Event: 12.076 GC heap after
{Heap after GC invocations=43 (full 0):
 garbage-first heap   total 270336K, used 82451K [0x0000000080000000, 0x0000000100000000)
  region size 1024K, 8 young (8192K), 8 survivors (8192K)
 Metaspace       used 58925K, committed 60288K, reserved 1114112K
  class space    used 8062K, committed 8704K, reserved 1048576K
}
Event: 12.409 GC heap before
{Heap before GC invocations=43 (full 0):
 garbage-first heap   total 270336K, used 217619K [0x0000000080000000, 0x0000000100000000)
  region size 1024K, 141 young (144384K), 8 survivors (8192K)
 Metaspace       used 59518K, committed 60864K, reserved 1114112K
  class space    used 8129K, committed 8768K, reserved 1048576K
}
Event: 12.411 GC heap after
{Heap after GC invocations=44 (full 0):
 garbage-first heap   total 270336K, used 76377K [0x0000000080000000, 0x0000000100000000)
  region size 1024K, 2 young (2048K), 2 survivors (2048K)
 Metaspace       used 59518K, committed 60864K, reserved 1114112K
  class space    used 8129K, committed 8768K, reserved 1048576K
}
Event: 13.831 GC heap before
{Heap before GC invocations=45 (full 0):
 garbage-first heap   total 270336K, used 255577K [0x0000000080000000, 0x0000000100000000)
  region size 1024K, 158 young (161792K), 2 survivors (2048K)
 Metaspace       used 81401K, committed 82880K, reserved 1179648K
  class space    used 11344K, committed 12032K, reserved 1048576K
}
Event: 13.836 GC heap after
{Heap after GC invocations=46 (full 0):
 garbage-first heap   total 270336K, used 101136K [0x0000000080000000, 0x0000000100000000)
  region size 1024K, 9 young (9216K), 9 survivors (9216K)
 Metaspace       used 81401K, committed 82880K, reserved 1179648K
  class space    used 11344K, committed 12032K, reserved 1048576K
}
Event: 15.010 GC heap before
{Heap before GC invocations=46 (full 0):
 garbage-first heap   total 270336K, used 251664K [0x0000000080000000, 0x0000000100000000)
  region size 1024K, 149 young (152576K), 9 survivors (9216K)
 Metaspace       used 95745K, committed 97536K, reserved 1179648K
  class space    used 12966K, committed 13824K, reserved 1048576K
}
Event: 15.022 GC heap after
{Heap after GC invocations=47 (full 0):
 garbage-first heap   total 276480K, used 115244K [0x0000000080000000, 0x0000000100000000)
  region size 1024K, 19 young (19456K), 19 survivors (19456K)
 Metaspace       used 95745K, committed 97536K, reserved 1179648K
  class space    used 12966K, committed 13824K, reserved 1048576K
}
Event: 15.297 GC heap before
{Heap before GC invocations=47 (full 0):
 garbage-first heap   total 276480K, used 145964K [0x0000000080000000, 0x0000000100000000)
  region size 1024K, 50 young (51200K), 19 survivors (19456K)
 Metaspace       used 99935K, committed 101696K, reserved 1179648K
  class space    used 13506K, committed 14336K, reserved 1048576K
}
Event: 15.306 GC heap after
{Heap after GC invocations=48 (full 0):
 garbage-first heap   total 276480K, used 119362K [0x0000000080000000, 0x0000000100000000)
  region size 1024K, 3 young (3072K), 3 survivors (3072K)
 Metaspace       used 99935K, committed 101696K, reserved 1179648K
  class space    used 13506K, committed 14336K, reserved 1048576K
}
Event: 16.357 GC heap before
{Heap before GC invocations=49 (full 0):
 garbage-first heap   total 276480K, used 256578K [0x0000000080000000, 0x0000000100000000)
  region size 1024K, 136 young (139264K), 3 survivors (3072K)
 Metaspace       used 109492K, committed 111296K, reserved 1179648K
  class space    used 14578K, committed 15424K, reserved 1048576K
}
Event: 16.362 GC heap after
{Heap after GC invocations=50 (full 0):
 garbage-first heap   total 276480K, used 127420K [0x0000000080000000, 0x0000000100000000)
  region size 1024K, 11 young (11264K), 11 survivors (11264K)
 Metaspace       used 109492K, committed 111296K, reserved 1179648K
  class space    used 14578K, committed 15424K, reserved 1048576K
}
Event: 17.463 GC heap before
{Heap before GC invocations=50 (full 0):
 garbage-first heap   total 276480K, used 251324K [0x0000000080000000, 0x0000000100000000)
  region size 1024K, 131 young (134144K), 11 survivors (11264K)
 Metaspace       used 124371K, committed 126272K, reserved 1179648K
  class space    used 16230K, committed 17152K, reserved 1048576K
}
Event: 17.468 GC heap after
{Heap after GC invocations=51 (full 0):
 garbage-first heap   total 276480K, used 133599K [0x0000000080000000, 0x0000000100000000)
  region size 1024K, 16 young (16384K), 16 survivors (16384K)
 Metaspace       used 124371K, committed 126272K, reserved 1179648K
  class space    used 16230K, committed 17152K, reserved 1048576K
}
Event: 18.227 GC heap before
{Heap before GC invocations=51 (full 0):
 garbage-first heap   total 276480K, used 244191K [0x0000000080000000, 0x0000000100000000)
  region size 1024K, 124 young (126976K), 16 survivors (16384K)
 Metaspace       used 129585K, committed 131584K, reserved 1179648K
  class space    used 16988K, committed 17984K, reserved 1048576K
}
Event: 18.233 GC heap after
{Heap after GC invocations=52 (full 0):
 garbage-first heap   total 276480K, used 132484K [0x0000000080000000, 0x0000000100000000)
  region size 1024K, 6 young (6144K), 6 survivors (6144K)
 Metaspace       used 129585K, committed 131584K, reserved 1179648K
  class space    used 16988K, committed 17984K, reserved 1048576K
}

